{
  "stats": {
    "suites": 3,
    "tests": 33,
    "passes": 30,
    "pending": 0,
    "failures": 3,
    "start": "2018-07-09T19:09:06.297Z",
    "end": "2018-07-09T19:18:47.918Z",
    "duration": 581621,
    "testsRegistered": 33,
    "passPercent": 90.9,
    "pendingPercent": 0,
    "other": 0,
    "hasOther": false,
    "skipped": 0,
    "hasSkipped": false,
    "passPercentClass": "success",
    "pendingPercentClass": "danger"
  },
  "suites": {
    "uuid": "eec65728-1a85-4cc2-9e0f-db6a07d76b26",
    "title": "",
    "fullFile": "",
    "file": "",
    "beforeHooks": [],
    "afterHooks": [],
    "tests": [],
    "suites": [
      {
        "uuid": "d4476f3f-2674-4e5c-862c-1abac7223179",
        "title": "revprep app scenarios - internet explorer",
        "fullFile": "E:\\Tester\\ntest\\student.js",
        "file": "\\ntest\\student.js",
        "beforeHooks": [
          {
            "title": "\"before each\" hook",
            "fullTitle": "revprep app scenarios - internet explorer \"before each\" hook",
            "timedOut": false,
            "duration": 1,
            "pass": false,
            "fail": false,
            "pending": false,
            "code": "page = new Page(browser);\npage.driver.manage().window().setPosition(0, 0);\npage.visit('https://enroll.revolutionprep.com/login');\npage.loginAdmin('justicetestsommertest','revprep');",
            "err": {},
            "isRoot": false,
            "uuid": "801b9c09-7d4c-4513-a00a-552407963103",
            "isHook": true,
            "skipped": false
          }
        ],
        "afterHooks": [
          {
            "title": "\"after each\" hook",
            "fullTitle": "revprep app scenarios - internet explorer \"after each\" hook",
            "timedOut": false,
            "duration": 0,
            "pass": false,
            "fail": false,
            "pending": false,
            "code": "page.quit();",
            "err": {},
            "isRoot": false,
            "uuid": "dde185c2-97b4-49e2-b220-8d3967c7cf64",
            "isHook": true,
            "skipped": false
          }
        ],
        "tests": [
          {
            "title": "The Welcome Modal appeared",
            "fullTitle": "revprep app scenarios - internet explorer The Welcome Modal appeared",
            "timedOut": false,
            "duration": 10593,
            "state": "passed",
            "speed": "slow",
            "pass": true,
            "fail": false,
            "pending": false,
            "code": "this.retries(trys)\nvar welcomeText = page.getWelcomeModalText();\nwelcomeText.txt.should.eventually.equal('Which classes are you currently taking in school?<br>This will help us customize your Revolution experience.');",
            "err": {},
            "isRoot": false,
            "uuid": "18b905d0-26a2-4d91-a14d-856835520572",
            "isHook": false,
            "skipped": false
          },
          {
            "title": "The correct Math subjects appear on the Welcome Modal",
            "fullTitle": "revprep app scenarios - internet explorer The correct Math subjects appear on the Welcome Modal",
            "timedOut": false,
            "duration": 11657,
            "pass": false,
            "fail": false,
            "pending": false,
            "code": "this.retries(trys)\npage.WelcomeModalIsComplete()\n.then(sleep(4000))\n.then(page.clickElement( \"//*[contains(text(), 'Math')]\", 'xpath'))\nvar subjects = ['Algebra I', 'Middle School Math (6th & 7th Grade)', 'Pre-Algebra'];\nfor (var i = 1; i < subjects.length + 1; i++) {\n  checkSubject(subjects[(i-1)], i)\n}\n\n\nfunction checkSubject(name, place){\n  var subjectText = page.getInnerHTML(\"//*[contains(text(), '\"+name+\"')]\", 'xpath')\n  if (name.includes('&')){\n    name = name.replace(\"&\", \"&amp;\");\n  }\n  subjectText.txt.should.eventually.equal(name);\n}",
            "err": {},
            "isRoot": false,
            "uuid": "0b1538c7-953f-4a1d-a917-6be47dc460a2",
            "isHook": false,
            "skipped": true
          },
          {
            "title": "The Homework Help Modal appeared",
            "fullTitle": "revprep app scenarios - internet explorer The Homework Help Modal appeared",
            "timedOut": false,
            "duration": 11824,
            "state": "passed",
            "speed": "slow",
            "pass": true,
            "fail": false,
            "pending": false,
            "code": "this.retries(trys)\npage.WelcomeModalIsComplete()\n// .then(function() {console.log('part 1')})\n.then(sleep(4000))\n// .then(function() {console.log('part 2')})\n.then(page.clickDoneWelcomeModal())\nvar homeworkHelpModalText = page.getHomeworkHelpModalText();\nhomeworkHelpModalText.txt.should.eventually.equal(\" Now that you've selected your subjects, you'll see<br> live and upcoming Homework Help sessions on your dashboard:\");",
            "err": {},
            "isRoot": false,
            "uuid": "89d2c81a-29fc-4589-8212-d9e8ddd6f6a6",
            "isHook": false,
            "skipped": false
          },
          {
            "title": "The Sign Up Now button works",
            "fullTitle": "revprep app scenarios - internet explorer The Sign Up Now button works",
            "timedOut": true,
            "duration": 30003,
            "pass": false,
            "fail": false,
            "pending": false,
            "code": "this.retries(trys)\ndismissModals()\npage.clickSignUpNowButton();\nvar accountInfoText = page.getInnerHTML('body > ui-view > ui-view > main > div.block.block--gray.block--shadow > div > div > ul > li.ng-scope.completed.current.col-xs-4 > div > div.checkout-steps__label.ng-binding');\naccountInfoText.txt.should.eventually.equal('Account Info');",
            "err": {},
            "isRoot": false,
            "uuid": "a96eb5b9-b883-4e56-a0bc-8a457e0e812b",
            "isHook": false,
            "skipped": true
          },
          {
            "title": "The Schedule tab is accesable",
            "fullTitle": "revprep app scenarios - internet explorer The Schedule tab is accesable",
            "timedOut": false,
            "duration": 16286,
            "state": "passed",
            "speed": "slow",
            "pass": true,
            "fail": false,
            "pending": false,
            "code": "this.retries(trys)\ndismissModals()\npage.clickElement('#navbar > ul > li:nth-child(2) > a');\nvar scheduleText = page.getInnerHTML('#student-schedule > div > div.col-xs-5.col-sm-6 > h1');\nscheduleText.txt.should.eventually.equal('Schedule');",
            "err": {},
            "isRoot": false,
            "uuid": "2a111d43-a2e2-4a48-87a4-aecfe14629b9",
            "isHook": false,
            "skipped": false
          },
          {
            "title": "The Home tab is accesable",
            "fullTitle": "revprep app scenarios - internet explorer The Home tab is accesable",
            "timedOut": false,
            "duration": 18911,
            "state": "passed",
            "speed": "slow",
            "pass": true,
            "fail": false,
            "pending": false,
            "code": "this.retries(trys)\ndismissModals()\npage.clickElement('#navbar > ul > li:nth-child(2) > a')\n.then(page.clickElement('#navbar > ul > li:nth-child(1) > a'))\nvar scheduleText = page.getInnerHTML('body > ui-view > app > div > div > div.view-container > div > ui-view > home > div > div:nth-child(1) > div.col-xs-5.col-sm-6 > h1');\nscheduleText.txt.should.eventually.equal('Hello Justicetest!');",
            "err": {},
            "isRoot": false,
            "uuid": "859ec43c-639d-4950-bbb0-9a62568acb74",
            "isHook": false,
            "skipped": false
          },
          {
            "title": "The Exams tab is accesable",
            "fullTitle": "revprep app scenarios - internet explorer The Exams tab is accesable",
            "timedOut": true,
            "duration": 30001,
            "pass": false,
            "fail": false,
            "pending": false,
            "code": "this.retries(trys)\ndismissModals()\npage.clickElement('#navbar > ul > li:nth-child(3) > a');\nvar examsText = page.getInnerHTML('body > ui-view > app > div > div > div.view-container > div > ui-view > div.row.ng-scope > div.col-sm-4 > h1');\nexamsText.txt.should.eventually.equal('Exams');",
            "err": {},
            "isRoot": false,
            "uuid": "c37b53ab-6851-441f-ae43-18c5f1ec48a4",
            "isHook": false,
            "skipped": true
          },
          {
            "title": "The Notification modal appeared",
            "fullTitle": "revprep app scenarios - internet explorer The Notification modal appeared",
            "timedOut": false,
            "duration": 15826,
            "state": "passed",
            "speed": "slow",
            "pass": true,
            "fail": false,
            "pending": false,
            "code": "this.retries(trys)\ndismissModals()\npage.clickElement('#navbar > ul > li:nth-child(4) > a');\nvar examsText = page.getInnerHTML('body > div.modal.fade.ng-scope.ng-isolate-scope.in > div > div > div.modal-header.ng-scope > h2');\nexamsText.txt.should.eventually.contain('Notifications');",
            "err": {},
            "isRoot": false,
            "uuid": "dcefad5a-7e47-4f86-ab30-2a1c399b9e73",
            "isHook": false,
            "skipped": false
          },
          {
            "title": "The Edit Profile modal is accessable",
            "fullTitle": "revprep app scenarios - internet explorer The Edit Profile modal is accessable",
            "timedOut": false,
            "duration": 17387,
            "state": "passed",
            "speed": "slow",
            "pass": true,
            "fail": false,
            "pending": false,
            "code": "this.retries(trys)\ndismissModals()\npage.clickElement('#simple-dropdown')\n.then(page.clickElement('#navbar > ul > li:nth-child(5) > div > ul > li:nth-child(1) > a'))\nvar examsText = page.getInnerHTML('body > div.modal.fade.ng-scope.ng-isolate-scope.in > div > div > edit-profile-modal > div.modal-body > form > div > div.col-sm-7 > div:nth-child(1) > label');\nexamsText.txt.should.eventually.equal('Name:');",
            "err": {},
            "isRoot": false,
            "uuid": "ba06653e-0157-4544-9891-f49bef85d9c1",
            "isHook": false,
            "skipped": false
          },
          {
            "title": "The Add study area modal is accessable via the Schedule screen",
            "fullTitle": "revprep app scenarios - internet explorer The Add study area modal is accessable via the Schedule screen",
            "timedOut": false,
            "duration": 17923,
            "state": "passed",
            "speed": "slow",
            "pass": true,
            "fail": false,
            "pending": false,
            "code": "this.retries(trys)\ndismissModals()\npage.clickElement('#navbar > ul > li:nth-child(2) > a')\n.then(page.clickElement('#student-schedule > student-schedule > div > div.col-sm-3 > study-areas > div > div:nth-child(1) > a'))\nvar scheduleText = page.getInnerHTML('body > div.modal.fade.ng-scope.ng-isolate-scope.in > div > div > div:nth-child(3) > div.modal-body > form > div > div:nth-child(1) > label');\nscheduleText.txt.should.eventually.equal('Subject:');",
            "err": {},
            "isRoot": false,
            "uuid": "3bf04d0b-4d96-4756-9271-d08dbab04a69",
            "isHook": false,
            "skipped": false
          },
          {
            "title": "Student can logout",
            "fullTitle": "revprep app scenarios - internet explorer Student can logout",
            "timedOut": false,
            "duration": 17662,
            "state": "passed",
            "speed": "slow",
            "pass": true,
            "fail": false,
            "pending": false,
            "code": "this.retries(trys)\ndismissModals()\npage.clickElement('#simple-dropdown')\n.then(page.clickElement('#navbar > ul > li:nth-child(5) > div > ul > li:nth-child(2) > a'))\nvar examsText = page.getInnerHTML('body > ui-view > div > div:nth-child(1) > div:nth-child(2) > div > form > div:nth-child(1) > label');\nexamsText.txt.should.eventually.equal('Username');",
            "err": {},
            "isRoot": false,
            "uuid": "757158d7-821c-48a0-bbb3-c0109d9fa190",
            "isHook": false,
            "skipped": false
          }
        ],
        "suites": [],
        "passes": [
          "18b905d0-26a2-4d91-a14d-856835520572",
          "89d2c81a-29fc-4589-8212-d9e8ddd6f6a6",
          "2a111d43-a2e2-4a48-87a4-aecfe14629b9",
          "859ec43c-639d-4950-bbb0-9a62568acb74",
          "dcefad5a-7e47-4f86-ab30-2a1c399b9e73",
          "ba06653e-0157-4544-9891-f49bef85d9c1",
          "3bf04d0b-4d96-4756-9271-d08dbab04a69",
          "757158d7-821c-48a0-bbb3-c0109d9fa190"
        ],
        "failures": [],
        "pending": [],
        "skipped": [
          "0b1538c7-953f-4a1d-a917-6be47dc460a2",
          "a96eb5b9-b883-4e56-a0bc-8a457e0e812b",
          "c37b53ab-6851-441f-ae43-18c5f1ec48a4"
        ],
        "duration": 198073,
        "root": false,
        "rootEmpty": false,
        "_timeout": 30000
      },
      {
        "uuid": "6d81ee8d-a2e6-4ec9-b351-5be0cefef28f",
        "title": "revprep app scenarios - firefox",
        "fullFile": "E:\\Tester\\ntest\\student.js",
        "file": "\\ntest\\student.js",
        "beforeHooks": [
          {
            "title": "\"before each\" hook",
            "fullTitle": "revprep app scenarios - firefox \"before each\" hook",
            "timedOut": false,
            "duration": 1,
            "pass": false,
            "fail": false,
            "pending": false,
            "code": "page = new Page(browser);\npage.driver.manage().window().setPosition(0, 0);\npage.visit('https://enroll.revolutionprep.com/login');\npage.loginAdmin('justicetestsommertest','revprep');",
            "err": {},
            "isRoot": false,
            "uuid": "aa0e051f-eecd-4d79-a3ca-364cfc46c90b",
            "isHook": true,
            "skipped": false
          }
        ],
        "afterHooks": [
          {
            "title": "\"after each\" hook",
            "fullTitle": "revprep app scenarios - firefox \"after each\" hook",
            "timedOut": false,
            "duration": 0,
            "pass": false,
            "fail": false,
            "pending": false,
            "code": "page.quit();",
            "err": {},
            "isRoot": false,
            "uuid": "44daa39e-dddb-48ec-9b74-638f73c99dae",
            "isHook": true,
            "skipped": false
          }
        ],
        "tests": [
          {
            "title": "The Welcome Modal appeared",
            "fullTitle": "revprep app scenarios - firefox The Welcome Modal appeared",
            "timedOut": false,
            "duration": 7875,
            "state": "passed",
            "speed": "slow",
            "pass": true,
            "fail": false,
            "pending": false,
            "code": "this.retries(trys)\nvar welcomeText = page.getWelcomeModalText();\nwelcomeText.txt.should.eventually.equal('Which classes are you currently taking in school?<br>This will help us customize your Revolution experience.');",
            "err": {},
            "isRoot": false,
            "uuid": "eea9b2e8-fe8a-44a6-bf01-5c64bca3d04f",
            "isHook": false,
            "skipped": false
          },
          {
            "title": "The correct Math subjects appear on the Welcome Modal",
            "fullTitle": "revprep app scenarios - firefox The correct Math subjects appear on the Welcome Modal",
            "timedOut": false,
            "duration": 8885,
            "pass": false,
            "fail": false,
            "pending": false,
            "code": "this.retries(trys)\npage.WelcomeModalIsComplete()\n.then(sleep(4000))\n.then(page.clickElement( \"//*[contains(text(), 'Math')]\", 'xpath'))\nvar subjects = ['Algebra I', 'Middle School Math (6th & 7th Grade)', 'Pre-Algebra'];\nfor (var i = 1; i < subjects.length + 1; i++) {\n  checkSubject(subjects[(i-1)], i)\n}\n\n\nfunction checkSubject(name, place){\n  var subjectText = page.getInnerHTML(\"//*[contains(text(), '\"+name+\"')]\", 'xpath')\n  if (name.includes('&')){\n    name = name.replace(\"&\", \"&amp;\");\n  }\n  subjectText.txt.should.eventually.equal(name);\n}",
            "err": {},
            "isRoot": false,
            "uuid": "e95c2629-dca1-4b47-b135-89103e02575a",
            "isHook": false,
            "skipped": true
          },
          {
            "title": "The Homework Help Modal appeared",
            "fullTitle": "revprep app scenarios - firefox The Homework Help Modal appeared",
            "timedOut": false,
            "duration": 8766,
            "state": "passed",
            "speed": "slow",
            "pass": true,
            "fail": false,
            "pending": false,
            "code": "this.retries(trys)\npage.WelcomeModalIsComplete()\n// .then(function() {console.log('part 1')})\n.then(sleep(4000))\n// .then(function() {console.log('part 2')})\n.then(page.clickDoneWelcomeModal())\nvar homeworkHelpModalText = page.getHomeworkHelpModalText();\nhomeworkHelpModalText.txt.should.eventually.equal(\" Now that you've selected your subjects, you'll see<br> live and upcoming Homework Help sessions on your dashboard:\");",
            "err": {},
            "isRoot": false,
            "uuid": "43c9b77c-92e5-42ad-88be-38f9ca4a286e",
            "isHook": false,
            "skipped": false
          },
          {
            "title": "The Sign Up Now button works",
            "fullTitle": "revprep app scenarios - firefox The Sign Up Now button works",
            "timedOut": false,
            "duration": 15735,
            "state": "passed",
            "speed": "slow",
            "pass": true,
            "fail": false,
            "pending": false,
            "code": "this.retries(trys)\ndismissModals()\npage.clickSignUpNowButton();\nvar accountInfoText = page.getInnerHTML('body > ui-view > ui-view > main > div.block.block--gray.block--shadow > div > div > ul > li.ng-scope.completed.current.col-xs-4 > div > div.checkout-steps__label.ng-binding');\naccountInfoText.txt.should.eventually.equal('Account Info');",
            "err": {},
            "isRoot": false,
            "uuid": "b19cc94e-858c-4b7d-9440-f9cc158b1d99",
            "isHook": false,
            "skipped": false
          },
          {
            "title": "The Schedule tab is accesable",
            "fullTitle": "revprep app scenarios - firefox The Schedule tab is accesable",
            "timedOut": false,
            "duration": 14140,
            "state": "passed",
            "speed": "slow",
            "pass": true,
            "fail": false,
            "pending": false,
            "code": "this.retries(trys)\ndismissModals()\npage.clickElement('#navbar > ul > li:nth-child(2) > a');\nvar scheduleText = page.getInnerHTML('#student-schedule > div > div.col-xs-5.col-sm-6 > h1');\nscheduleText.txt.should.eventually.equal('Schedule');",
            "err": {},
            "isRoot": false,
            "uuid": "eb93ffc1-ac9a-4769-ac1c-bef61c55637f",
            "isHook": false,
            "skipped": false
          },
          {
            "title": "The Home tab is accesable",
            "fullTitle": "revprep app scenarios - firefox The Home tab is accesable",
            "timedOut": false,
            "duration": 14893,
            "state": "passed",
            "speed": "slow",
            "pass": true,
            "fail": false,
            "pending": false,
            "code": "this.retries(trys)\ndismissModals()\npage.clickElement('#navbar > ul > li:nth-child(2) > a')\n.then(page.clickElement('#navbar > ul > li:nth-child(1) > a'))\nvar scheduleText = page.getInnerHTML('body > ui-view > app > div > div > div.view-container > div > ui-view > home > div > div:nth-child(1) > div.col-xs-5.col-sm-6 > h1');\nscheduleText.txt.should.eventually.equal('Hello Justicetest!');",
            "err": {},
            "isRoot": false,
            "uuid": "aa77e3e6-9b6b-4c63-9261-9b8f01dcee17",
            "isHook": false,
            "skipped": false
          },
          {
            "title": "The Exams tab is accesable",
            "fullTitle": "revprep app scenarios - firefox The Exams tab is accesable",
            "timedOut": false,
            "duration": 13974,
            "state": "passed",
            "speed": "slow",
            "pass": true,
            "fail": false,
            "pending": false,
            "code": "this.retries(trys)\ndismissModals()\npage.clickElement('#navbar > ul > li:nth-child(3) > a');\nvar examsText = page.getInnerHTML('body > ui-view > app > div > div > div.view-container > div > ui-view > div.row.ng-scope > div.col-sm-4 > h1');\nexamsText.txt.should.eventually.equal('Exams');",
            "err": {},
            "isRoot": false,
            "uuid": "11c0d3dc-c7aa-4c69-9989-b77ecd5dcbcf",
            "isHook": false,
            "skipped": false
          },
          {
            "title": "The Notification modal appeared",
            "fullTitle": "revprep app scenarios - firefox The Notification modal appeared",
            "timedOut": false,
            "duration": 13631,
            "state": "passed",
            "speed": "slow",
            "pass": true,
            "fail": false,
            "pending": false,
            "code": "this.retries(trys)\ndismissModals()\npage.clickElement('#navbar > ul > li:nth-child(4) > a');\nvar examsText = page.getInnerHTML('body > div.modal.fade.ng-scope.ng-isolate-scope.in > div > div > div.modal-header.ng-scope > h2');\nexamsText.txt.should.eventually.contain('Notifications');",
            "err": {},
            "isRoot": false,
            "uuid": "0b4a459c-9421-4643-8d19-e9186ebcabda",
            "isHook": false,
            "skipped": false
          },
          {
            "title": "The Edit Profile modal is accessable",
            "fullTitle": "revprep app scenarios - firefox The Edit Profile modal is accessable",
            "timedOut": false,
            "duration": 14578,
            "state": "passed",
            "speed": "slow",
            "pass": true,
            "fail": false,
            "pending": false,
            "code": "this.retries(trys)\ndismissModals()\npage.clickElement('#simple-dropdown')\n.then(page.clickElement('#navbar > ul > li:nth-child(5) > div > ul > li:nth-child(1) > a'))\nvar examsText = page.getInnerHTML('body > div.modal.fade.ng-scope.ng-isolate-scope.in > div > div > edit-profile-modal > div.modal-body > form > div > div.col-sm-7 > div:nth-child(1) > label');\nexamsText.txt.should.eventually.equal('Name:');",
            "err": {},
            "isRoot": false,
            "uuid": "1b085d44-0849-4310-8037-9b956cb43c9b",
            "isHook": false,
            "skipped": false
          },
          {
            "title": "The Add study area modal is accessable via the Schedule screen",
            "fullTitle": "revprep app scenarios - firefox The Add study area modal is accessable via the Schedule screen",
            "timedOut": false,
            "duration": 14389,
            "state": "passed",
            "speed": "slow",
            "pass": true,
            "fail": false,
            "pending": false,
            "code": "this.retries(trys)\ndismissModals()\npage.clickElement('#navbar > ul > li:nth-child(2) > a')\n.then(page.clickElement('#student-schedule > student-schedule > div > div.col-sm-3 > study-areas > div > div:nth-child(1) > a'))\nvar scheduleText = page.getInnerHTML('body > div.modal.fade.ng-scope.ng-isolate-scope.in > div > div > div:nth-child(3) > div.modal-body > form > div > div:nth-child(1) > label');\nscheduleText.txt.should.eventually.equal('Subject:');",
            "err": {},
            "isRoot": false,
            "uuid": "5439f874-dab1-412a-87bd-77f6211d6069",
            "isHook": false,
            "skipped": false
          },
          {
            "title": "Student can logout",
            "fullTitle": "revprep app scenarios - firefox Student can logout",
            "timedOut": false,
            "duration": 14356,
            "state": "passed",
            "speed": "slow",
            "pass": true,
            "fail": false,
            "pending": false,
            "code": "this.retries(trys)\ndismissModals()\npage.clickElement('#simple-dropdown')\n.then(page.clickElement('#navbar > ul > li:nth-child(5) > div > ul > li:nth-child(2) > a'))\nvar examsText = page.getInnerHTML('body > ui-view > div > div:nth-child(1) > div:nth-child(2) > div > form > div:nth-child(1) > label');\nexamsText.txt.should.eventually.equal('Username');",
            "err": {},
            "isRoot": false,
            "uuid": "be3a86fa-d463-49e6-a459-03ad917e12e2",
            "isHook": false,
            "skipped": false
          }
        ],
        "suites": [],
        "passes": [
          "eea9b2e8-fe8a-44a6-bf01-5c64bca3d04f",
          "43c9b77c-92e5-42ad-88be-38f9ca4a286e",
          "b19cc94e-858c-4b7d-9440-f9cc158b1d99",
          "eb93ffc1-ac9a-4769-ac1c-bef61c55637f",
          "aa77e3e6-9b6b-4c63-9261-9b8f01dcee17",
          "11c0d3dc-c7aa-4c69-9989-b77ecd5dcbcf",
          "0b4a459c-9421-4643-8d19-e9186ebcabda",
          "1b085d44-0849-4310-8037-9b956cb43c9b",
          "5439f874-dab1-412a-87bd-77f6211d6069",
          "be3a86fa-d463-49e6-a459-03ad917e12e2"
        ],
        "failures": [],
        "pending": [],
        "skipped": [
          "e95c2629-dca1-4b47-b135-89103e02575a"
        ],
        "duration": 141222,
        "root": false,
        "rootEmpty": false,
        "_timeout": 30000
      },
      {
        "uuid": "50cff257-7149-41cb-987e-1cd27d1a6796",
        "title": "revprep app scenarios - chrome",
        "fullFile": "E:\\Tester\\ntest\\student.js",
        "file": "\\ntest\\student.js",
        "beforeHooks": [
          {
            "title": "\"before each\" hook",
            "fullTitle": "revprep app scenarios - chrome \"before each\" hook",
            "timedOut": false,
            "duration": 4,
            "pass": false,
            "fail": false,
            "pending": false,
            "code": "page = new Page(browser);\npage.driver.manage().window().setPosition(0, 0);\npage.visit('https://enroll.revolutionprep.com/login');\npage.loginAdmin('justicetestsommertest','revprep');",
            "err": {},
            "isRoot": false,
            "uuid": "c6e56caf-80f3-4e8e-8406-bedeedd27f59",
            "isHook": true,
            "skipped": false
          }
        ],
        "afterHooks": [
          {
            "title": "\"after each\" hook",
            "fullTitle": "revprep app scenarios - chrome \"after each\" hook",
            "timedOut": false,
            "duration": 0,
            "pass": false,
            "fail": false,
            "pending": false,
            "code": "page.quit();",
            "err": {},
            "isRoot": false,
            "uuid": "a04bcc04-4b2e-4700-afcf-d98b232e2ae7",
            "isHook": true,
            "skipped": false
          }
        ],
        "tests": [
          {
            "title": "The Welcome Modal appeared",
            "fullTitle": "revprep app scenarios - chrome The Welcome Modal appeared",
            "timedOut": false,
            "duration": 8539,
            "state": "passed",
            "speed": "slow",
            "pass": true,
            "fail": false,
            "pending": false,
            "code": "this.retries(trys)\nvar welcomeText = page.getWelcomeModalText();\nwelcomeText.txt.should.eventually.equal('Which classes are you currently taking in school?<br>This will help us customize your Revolution experience.');",
            "err": {},
            "isRoot": false,
            "uuid": "70e9fc7e-c414-4174-80b4-b73c0b223eb6",
            "isHook": false,
            "skipped": false
          },
          {
            "title": "The correct Math subjects appear on the Welcome Modal",
            "fullTitle": "revprep app scenarios - chrome The correct Math subjects appear on the Welcome Modal",
            "timedOut": false,
            "duration": 9442,
            "pass": false,
            "fail": false,
            "pending": false,
            "code": "this.retries(trys)\npage.WelcomeModalIsComplete()\n.then(sleep(4000))\n.then(page.clickElement( \"//*[contains(text(), 'Math')]\", 'xpath'))\nvar subjects = ['Algebra I', 'Middle School Math (6th & 7th Grade)', 'Pre-Algebra'];\nfor (var i = 1; i < subjects.length + 1; i++) {\n  checkSubject(subjects[(i-1)], i)\n}\n\n\nfunction checkSubject(name, place){\n  var subjectText = page.getInnerHTML(\"//*[contains(text(), '\"+name+\"')]\", 'xpath')\n  if (name.includes('&')){\n    name = name.replace(\"&\", \"&amp;\");\n  }\n  subjectText.txt.should.eventually.equal(name);\n}",
            "err": {},
            "isRoot": false,
            "uuid": "e96ecdb3-961d-4ddf-b2be-ade4f2782c3f",
            "isHook": false,
            "skipped": true
          },
          {
            "title": "The Homework Help Modal appeared",
            "fullTitle": "revprep app scenarios - chrome The Homework Help Modal appeared",
            "timedOut": false,
            "duration": 9166,
            "state": "passed",
            "speed": "slow",
            "pass": true,
            "fail": false,
            "pending": false,
            "code": "this.retries(trys)\npage.WelcomeModalIsComplete()\n// .then(function() {console.log('part 1')})\n.then(sleep(4000))\n// .then(function() {console.log('part 2')})\n.then(page.clickDoneWelcomeModal())\nvar homeworkHelpModalText = page.getHomeworkHelpModalText();\nhomeworkHelpModalText.txt.should.eventually.equal(\" Now that you've selected your subjects, you'll see<br> live and upcoming Homework Help sessions on your dashboard:\");",
            "err": {},
            "isRoot": false,
            "uuid": "5c01b9a4-8ae5-4336-a804-bddd48ff8caa",
            "isHook": false,
            "skipped": false
          },
          {
            "title": "The Sign Up Now button works",
            "fullTitle": "revprep app scenarios - chrome The Sign Up Now button works",
            "timedOut": false,
            "duration": 16189,
            "state": "passed",
            "speed": "slow",
            "pass": true,
            "fail": false,
            "pending": false,
            "code": "this.retries(trys)\ndismissModals()\npage.clickSignUpNowButton();\nvar accountInfoText = page.getInnerHTML('body > ui-view > ui-view > main > div.block.block--gray.block--shadow > div > div > ul > li.ng-scope.completed.current.col-xs-4 > div > div.checkout-steps__label.ng-binding');\naccountInfoText.txt.should.eventually.equal('Account Info');",
            "err": {},
            "isRoot": false,
            "uuid": "39f6961b-8ade-47f3-b089-50d7a7fb924a",
            "isHook": false,
            "skipped": false
          },
          {
            "title": "The Schedule tab is accesable",
            "fullTitle": "revprep app scenarios - chrome The Schedule tab is accesable",
            "timedOut": false,
            "duration": 14556,
            "state": "passed",
            "speed": "slow",
            "pass": true,
            "fail": false,
            "pending": false,
            "code": "this.retries(trys)\ndismissModals()\npage.clickElement('#navbar > ul > li:nth-child(2) > a');\nvar scheduleText = page.getInnerHTML('#student-schedule > div > div.col-xs-5.col-sm-6 > h1');\nscheduleText.txt.should.eventually.equal('Schedule');",
            "err": {},
            "isRoot": false,
            "uuid": "3ff41fa1-e8bb-4897-83dc-146abddd9d53",
            "isHook": false,
            "skipped": false
          },
          {
            "title": "The Home tab is accesable",
            "fullTitle": "revprep app scenarios - chrome The Home tab is accesable",
            "timedOut": false,
            "duration": 14642,
            "state": "passed",
            "speed": "slow",
            "pass": true,
            "fail": false,
            "pending": false,
            "code": "this.retries(trys)\ndismissModals()\npage.clickElement('#navbar > ul > li:nth-child(2) > a')\n.then(page.clickElement('#navbar > ul > li:nth-child(1) > a'))\nvar scheduleText = page.getInnerHTML('body > ui-view > app > div > div > div.view-container > div > ui-view > home > div > div:nth-child(1) > div.col-xs-5.col-sm-6 > h1');\nscheduleText.txt.should.eventually.equal('Hello Justicetest!');",
            "err": {},
            "isRoot": false,
            "uuid": "963579f9-a435-4a7b-a2bf-0be9aabb2920",
            "isHook": false,
            "skipped": false
          },
          {
            "title": "The Exams tab is accesable",
            "fullTitle": "revprep app scenarios - chrome The Exams tab is accesable",
            "timedOut": false,
            "duration": 14504,
            "state": "passed",
            "speed": "slow",
            "pass": true,
            "fail": false,
            "pending": false,
            "code": "this.retries(trys)\ndismissModals()\npage.clickElement('#navbar > ul > li:nth-child(3) > a');\nvar examsText = page.getInnerHTML('body > ui-view > app > div > div > div.view-container > div > ui-view > div.row.ng-scope > div.col-sm-4 > h1');\nexamsText.txt.should.eventually.equal('Exams');",
            "err": {},
            "isRoot": false,
            "uuid": "4071f5c2-5b34-415c-a71e-61a425626b35",
            "isHook": false,
            "skipped": false
          },
          {
            "title": "The Notification modal appeared",
            "fullTitle": "revprep app scenarios - chrome The Notification modal appeared",
            "timedOut": false,
            "duration": 14278,
            "state": "passed",
            "speed": "slow",
            "pass": true,
            "fail": false,
            "pending": false,
            "code": "this.retries(trys)\ndismissModals()\npage.clickElement('#navbar > ul > li:nth-child(4) > a');\nvar examsText = page.getInnerHTML('body > div.modal.fade.ng-scope.ng-isolate-scope.in > div > div > div.modal-header.ng-scope > h2');\nexamsText.txt.should.eventually.contain('Notifications');",
            "err": {},
            "isRoot": false,
            "uuid": "42b9ed0a-41bb-4ba6-9942-d1a0a48b84df",
            "isHook": false,
            "skipped": false
          },
          {
            "title": "The Edit Profile modal is accessable",
            "fullTitle": "revprep app scenarios - chrome The Edit Profile modal is accessable",
            "timedOut": false,
            "duration": 15588,
            "state": "passed",
            "speed": "slow",
            "pass": true,
            "fail": false,
            "pending": false,
            "code": "this.retries(trys)\ndismissModals()\npage.clickElement('#simple-dropdown')\n.then(page.clickElement('#navbar > ul > li:nth-child(5) > div > ul > li:nth-child(1) > a'))\nvar examsText = page.getInnerHTML('body > div.modal.fade.ng-scope.ng-isolate-scope.in > div > div > edit-profile-modal > div.modal-body > form > div > div.col-sm-7 > div:nth-child(1) > label');\nexamsText.txt.should.eventually.equal('Name:');",
            "err": {},
            "isRoot": false,
            "uuid": "f2f12354-0914-4d58-beba-53d83fbf04d4",
            "isHook": false,
            "skipped": false
          },
          {
            "title": "The Add study area modal is accessable via the Schedule screen",
            "fullTitle": "revprep app scenarios - chrome The Add study area modal is accessable via the Schedule screen",
            "timedOut": false,
            "duration": 15241,
            "state": "passed",
            "speed": "slow",
            "pass": true,
            "fail": false,
            "pending": false,
            "code": "this.retries(trys)\ndismissModals()\npage.clickElement('#navbar > ul > li:nth-child(2) > a')\n.then(page.clickElement('#student-schedule > student-schedule > div > div.col-sm-3 > study-areas > div > div:nth-child(1) > a'))\nvar scheduleText = page.getInnerHTML('body > div.modal.fade.ng-scope.ng-isolate-scope.in > div > div > div:nth-child(3) > div.modal-body > form > div > div:nth-child(1) > label');\nscheduleText.txt.should.eventually.equal('Subject:');",
            "err": {},
            "isRoot": false,
            "uuid": "c4313274-cea7-4d92-90b3-5c797d88385c",
            "isHook": false,
            "skipped": false
          },
          {
            "title": "Student can logout",
            "fullTitle": "revprep app scenarios - chrome Student can logout",
            "timedOut": false,
            "duration": 14710,
            "state": "passed",
            "speed": "slow",
            "pass": true,
            "fail": false,
            "pending": false,
            "code": "this.retries(trys)\ndismissModals()\npage.clickElement('#simple-dropdown')\n.then(page.clickElement('#navbar > ul > li:nth-child(5) > div > ul > li:nth-child(2) > a'))\nvar examsText = page.getInnerHTML('body > ui-view > div > div:nth-child(1) > div:nth-child(2) > div > form > div:nth-child(1) > label');\nexamsText.txt.should.eventually.equal('Username');",
            "err": {},
            "isRoot": false,
            "uuid": "e30c2e69-2d10-45fd-8c38-4222768233d3",
            "isHook": false,
            "skipped": false
          }
        ],
        "suites": [],
        "passes": [
          "70e9fc7e-c414-4174-80b4-b73c0b223eb6",
          "5c01b9a4-8ae5-4336-a804-bddd48ff8caa",
          "39f6961b-8ade-47f3-b089-50d7a7fb924a",
          "3ff41fa1-e8bb-4897-83dc-146abddd9d53",
          "963579f9-a435-4a7b-a2bf-0be9aabb2920",
          "4071f5c2-5b34-415c-a71e-61a425626b35",
          "42b9ed0a-41bb-4ba6-9942-d1a0a48b84df",
          "f2f12354-0914-4d58-beba-53d83fbf04d4",
          "c4313274-cea7-4d92-90b3-5c797d88385c",
          "e30c2e69-2d10-45fd-8c38-4222768233d3"
        ],
        "failures": [],
        "pending": [],
        "skipped": [
          "e96ecdb3-961d-4ddf-b2be-ade4f2782c3f"
        ],
        "duration": 146855,
        "root": false,
        "rootEmpty": false,
        "_timeout": 30000
      }
    ],
    "passes": [],
    "failures": [],
    "pending": [],
    "skipped": [],
    "duration": 0,
    "root": true,
    "rootEmpty": true,
    "_timeout": 2000
  },
  "copyrightYear": 2018
}