{
  "stats": {
    "suites": 3,
    "tests": 27,
    "passes": 27,
    "pending": 0,
    "failures": 0,
    "start": "2018-07-18T21:34:20.195Z",
    "end": "2018-07-18T21:39:10.051Z",
    "duration": 289856,
    "testsRegistered": 27,
    "passPercent": 100,
    "pendingPercent": 0,
    "other": 0,
    "hasOther": false,
    "skipped": 0,
    "hasSkipped": false,
    "passPercentClass": "success",
    "pendingPercentClass": "danger"
  },
  "suites": {
    "uuid": "853c3fb8-a2df-407f-b25a-ddf79a4ee55c",
    "title": "",
    "fullFile": "",
    "file": "",
    "beforeHooks": [],
    "afterHooks": [],
    "tests": [],
    "suites": [
      {
        "uuid": "27536460-5694-436c-aca1-525f3e784e4f",
        "title": "revprep app scenarios - internet explorer",
        "fullFile": "E:\\Tester\\ntest\\student.js",
        "file": "\\ntest\\student.js",
        "beforeHooks": [
          {
            "title": "\"before each\" hook",
            "fullTitle": "revprep app scenarios - internet explorer \"before each\" hook",
            "timedOut": false,
            "duration": 1,
            "pass": false,
            "fail": false,
            "pending": false,
            "code": "page = new Page(browser);\npage.driver.manage().window().setPosition(0, 0);\npage.visit('https://enroll.revolutionprep.com/login');\npage.loginAdmin('justicetestsommertest','revprep');",
            "err": {},
            "isRoot": false,
            "uuid": "a9f9320d-e029-4838-a094-49293f4cb0a6",
            "isHook": true,
            "skipped": false
          }
        ],
        "afterHooks": [
          {
            "title": "\"after each\" hook",
            "fullTitle": "revprep app scenarios - internet explorer \"after each\" hook",
            "timedOut": false,
            "duration": 0,
            "pass": false,
            "fail": false,
            "pending": false,
            "code": "if(Dev){\n  return\n}\npage.quit();",
            "err": {},
            "isRoot": false,
            "uuid": "0b59c9e6-ee76-4265-9a20-0b1f83f14820",
            "isHook": true,
            "skipped": false
          }
        ],
        "tests": [
          {
            "title": "The Homework Help tab is accesable",
            "fullTitle": "revprep app scenarios - internet explorer The Homework Help tab is accesable",
            "timedOut": false,
            "duration": 12208,
            "state": "passed",
            "speed": "slow",
            "pass": true,
            "fail": false,
            "pending": false,
            "code": "this.retries(trys)\n// dismissModals()\npage.clickElement('#navbar > ul > li:nth-child(2) > a');\nvar verificationText = page.getInnerHTML('body > ui-view > app > div.animated.fadeIn > div > div.view-container > div > ui-view > homework-help > div > div.col-md-7 > div.homework-help__header.m-t-md > h1');\nverificationText.txt.should.eventually.equal('\\n            <strong>HOMEWORK</strong> HELP\\n          ');",
            "err": {},
            "isRoot": false,
            "uuid": "04c993c2-0e55-4683-b95b-340dd8b01a13",
            "isHook": false,
            "skipped": false
          },
          {
            "title": "The Schedule tab is accesable",
            "fullTitle": "revprep app scenarios - internet explorer The Schedule tab is accesable",
            "timedOut": false,
            "duration": 11251,
            "state": "passed",
            "speed": "slow",
            "pass": true,
            "fail": false,
            "pending": false,
            "code": "this.retries(trys)\n// dismissModals()\npage.clickElement('#navbar > ul > li:nth-child(3) > a');\nvar verificationText = page.getInnerHTML('#student-schedule > div > div.col-xs-5.col-sm-6 > h1');\nverificationText.txt.should.eventually.equal('Schedule');",
            "err": {},
            "isRoot": false,
            "uuid": "3ef16f8e-d577-418c-9379-6706a017a931",
            "isHook": false,
            "skipped": false
          },
          {
            "title": "The Home tab is accesable",
            "fullTitle": "revprep app scenarios - internet explorer The Home tab is accesable",
            "timedOut": false,
            "duration": 12056,
            "state": "passed",
            "speed": "slow",
            "pass": true,
            "fail": false,
            "pending": false,
            "code": "this.retries(trys)\n// dismissModals()\npage.clickElement('#navbar > ul > li:nth-child(2) > a')\n.then(page.clickElement('#navbar > ul > li:nth-child(1) > a'))\nvar verificationText = page.getInnerHTML('body > ui-view > app > div > div > div.view-container > div > ui-view > home > div > div.row.home__header > div.col-xs-7.col-sm-8 > h1');\nverificationText.txt.should.eventually.equal('Hello Justicetest!');",
            "err": {},
            "isRoot": false,
            "uuid": "53cd7a22-050b-4592-94e2-05db5f2260b6",
            "isHook": false,
            "skipped": false
          },
          {
            "title": "The Exams tab is accesable",
            "fullTitle": "revprep app scenarios - internet explorer The Exams tab is accesable",
            "timedOut": false,
            "duration": 10326,
            "state": "passed",
            "speed": "slow",
            "pass": true,
            "fail": false,
            "pending": false,
            "code": "this.retries(trys)\n// dismissModals()\npage.clickElement('#navbar > ul > li:nth-child(4) > a');\nvar verificationText = page.getInnerHTML('body > ui-view > app > div > div > div.view-container > div > ui-view > div.row.ng-scope > div.col-sm-4 > h1');\nverificationText.txt.should.eventually.equal('Exams');",
            "err": {},
            "isRoot": false,
            "uuid": "e1102816-a803-4a9a-9258-6f716cbfe0d2",
            "isHook": false,
            "skipped": false
          },
          {
            "title": "The Notification modal appeared",
            "fullTitle": "revprep app scenarios - internet explorer The Notification modal appeared",
            "timedOut": false,
            "duration": 10661,
            "state": "passed",
            "speed": "slow",
            "pass": true,
            "fail": false,
            "pending": false,
            "code": "this.retries(trys)\n// dismissModals()\npage.clickElement('#navbar > ul > li:nth-child(5) > a');\nvar verificationText = page.getInnerHTML('body > div.modal.fade.ng-scope.ng-isolate-scope.in > div > div > div.modal-header.ng-scope > h2');\nverificationText.txt.should.eventually.contain('Notifications');",
            "err": {},
            "isRoot": false,
            "uuid": "ad60f70b-f60e-427c-ba48-2f78b918afab",
            "isHook": false,
            "skipped": false
          },
          {
            "title": "The Edit Profile modal is accessable",
            "fullTitle": "revprep app scenarios - internet explorer The Edit Profile modal is accessable",
            "timedOut": false,
            "duration": 11186,
            "state": "passed",
            "speed": "slow",
            "pass": true,
            "fail": false,
            "pending": false,
            "code": "this.retries(trys)\n// dismissModals()\npage.clickElement('#simple-dropdown')\n// .then(sleep(10000))\n.then(page.clickElement('#navbar > ul > li:nth-child(6) > div > ul > li:nth-child(1) > a'))\nvar verificationText = page.getInnerHTML('body > div.modal.fade.ng-scope.ng-isolate-scope.in > div > div > edit-profile-modal > div.modal-body > form > div > div.col-sm-7 > div:nth-child(1) > label');\nverificationText.txt.should.eventually.equal('Name:');",
            "err": {},
            "isRoot": false,
            "uuid": "57d3006a-4746-4bea-a4fc-0edfa2dafeca",
            "isHook": false,
            "skipped": false
          },
          {
            "title": "The Add study area modal is accessable via the Schedule screen",
            "fullTitle": "revprep app scenarios - internet explorer The Add study area modal is accessable via the Schedule screen",
            "timedOut": false,
            "duration": 14021,
            "state": "passed",
            "speed": "slow",
            "pass": true,
            "fail": false,
            "pending": false,
            "code": "this.retries(trys)\n// dismissModals()\npage.clickElement('#navbar > ul > li:nth-child(3) > a')\n.then(page.clickElement('#student-schedule > student-schedule > div > div.col-sm-3.clearfix > study-areas > div > div:nth-child(3) > div.view-mode > a'))\n.then(page.clickElement('#student-schedule > student-schedule > div > div.col-sm-3.clearfix > study-areas > div > div:nth-child(3) > div.edit-mode > a.btn.btn-primary'))\nvar verificationText = page.getInnerHTML('body > div.modal.fade.ng-scope.ng-isolate-scope.in > div > div > div:nth-child(3) > div.modal-body > form > div > div:nth-child(1) > label');\nverificationText.txt.should.eventually.equal('Subject:<span class=\"required\"></span>');",
            "err": {},
            "isRoot": false,
            "uuid": "07e6cec8-7845-4e4e-80cb-9e3d825bce5a",
            "isHook": false,
            "skipped": false
          },
          {
            "title": "The Subjects modal is accessable via the Homework Help screen",
            "fullTitle": "revprep app scenarios - internet explorer The Subjects modal is accessable via the Homework Help screen",
            "timedOut": true,
            "duration": 30010,
            "pass": false,
            "fail": false,
            "pending": false,
            "code": "this.retries(trys)\n// dismissModals()\npage.clickElement('#navbar > ul > li:nth-child(2) > a')\n.then(page.clickElement('body > ui-view > app > div > div > div.view-container > div > ui-view > homework-help > div > div.col-md-7 > div.homework-help__body > h2 > a > i'))\nvar verificationText = page.getInnerHTML('body > div.modal.fade.ng-scope.ng-isolate-scope.in > div > div > study-area-edit-modal > div > div.study-area-edit-modal__header > p');\nverificationText.txt.should.eventually.equal('\\n      Which classes are you currently taking in school?\\n      This will help us customize your Revolution experience.\\n    ');",
            "err": {},
            "isRoot": false,
            "uuid": "3c26a258-eea3-41ed-b2c1-3c844863a466",
            "isHook": false,
            "skipped": true
          },
          {
            "title": "Student can logout",
            "fullTitle": "revprep app scenarios - internet explorer Student can logout",
            "timedOut": false,
            "duration": 13100,
            "state": "passed",
            "speed": "slow",
            "pass": true,
            "fail": false,
            "pending": false,
            "code": "this.retries(trys)\n// dismissModals()\npage.clickElement('#simple-dropdown')\n.then(page.clickElement('#navbar > ul > li:nth-child(6) > div > ul > li:nth-child(2) > a'))\nvar verificationText = page.getInnerHTML('body > ui-view > div > div:nth-child(1) > div:nth-child(2) > div > form > div:nth-child(1) > label');\nverificationText.txt.should.eventually.equal('Username');",
            "err": {},
            "isRoot": false,
            "uuid": "d1a403f6-ffa9-42e6-b71b-72c9f782bbca",
            "isHook": false,
            "skipped": false
          }
        ],
        "suites": [],
        "passes": [
          "04c993c2-0e55-4683-b95b-340dd8b01a13",
          "3ef16f8e-d577-418c-9379-6706a017a931",
          "53cd7a22-050b-4592-94e2-05db5f2260b6",
          "e1102816-a803-4a9a-9258-6f716cbfe0d2",
          "ad60f70b-f60e-427c-ba48-2f78b918afab",
          "57d3006a-4746-4bea-a4fc-0edfa2dafeca",
          "07e6cec8-7845-4e4e-80cb-9e3d825bce5a",
          "d1a403f6-ffa9-42e6-b71b-72c9f782bbca"
        ],
        "failures": [],
        "pending": [],
        "skipped": [
          "3c26a258-eea3-41ed-b2c1-3c844863a466"
        ],
        "duration": 124819,
        "root": false,
        "rootEmpty": false,
        "_timeout": 30000
      },
      {
        "uuid": "e39d99d8-81cb-4e8d-b99f-bf83996da591",
        "title": "revprep app scenarios - firefox",
        "fullFile": "E:\\Tester\\ntest\\student.js",
        "file": "\\ntest\\student.js",
        "beforeHooks": [
          {
            "title": "\"before each\" hook",
            "fullTitle": "revprep app scenarios - firefox \"before each\" hook",
            "timedOut": false,
            "duration": 2,
            "pass": false,
            "fail": false,
            "pending": false,
            "code": "page = new Page(browser);\npage.driver.manage().window().setPosition(0, 0);\npage.visit('https://enroll.revolutionprep.com/login');\npage.loginAdmin('justicetestsommertest','revprep');",
            "err": {},
            "isRoot": false,
            "uuid": "7aaa4380-3f59-47d8-a64d-477336b34b81",
            "isHook": true,
            "skipped": false
          }
        ],
        "afterHooks": [
          {
            "title": "\"after each\" hook",
            "fullTitle": "revprep app scenarios - firefox \"after each\" hook",
            "timedOut": false,
            "duration": 0,
            "pass": false,
            "fail": false,
            "pending": false,
            "code": "if(Dev){\n  return\n}\npage.quit();",
            "err": {},
            "isRoot": false,
            "uuid": "64204b39-3948-4e48-a6b9-a6d9d863b40f",
            "isHook": true,
            "skipped": false
          }
        ],
        "tests": [
          {
            "title": "The Homework Help tab is accesable",
            "fullTitle": "revprep app scenarios - firefox The Homework Help tab is accesable",
            "timedOut": false,
            "duration": 8307,
            "state": "passed",
            "speed": "slow",
            "pass": true,
            "fail": false,
            "pending": false,
            "code": "this.retries(trys)\n// dismissModals()\npage.clickElement('#navbar > ul > li:nth-child(2) > a');\nvar verificationText = page.getInnerHTML('body > ui-view > app > div.animated.fadeIn > div > div.view-container > div > ui-view > homework-help > div > div.col-md-7 > div.homework-help__header.m-t-md > h1');\nverificationText.txt.should.eventually.equal('\\n            <strong>HOMEWORK</strong> HELP\\n          ');",
            "err": {},
            "isRoot": false,
            "uuid": "ae44a309-01b6-48d7-85d5-eee4b2523e4a",
            "isHook": false,
            "skipped": false
          },
          {
            "title": "The Schedule tab is accesable",
            "fullTitle": "revprep app scenarios - firefox The Schedule tab is accesable",
            "timedOut": false,
            "duration": 9068,
            "state": "passed",
            "speed": "slow",
            "pass": true,
            "fail": false,
            "pending": false,
            "code": "this.retries(trys)\n// dismissModals()\npage.clickElement('#navbar > ul > li:nth-child(3) > a');\nvar verificationText = page.getInnerHTML('#student-schedule > div > div.col-xs-5.col-sm-6 > h1');\nverificationText.txt.should.eventually.equal('Schedule');",
            "err": {},
            "isRoot": false,
            "uuid": "dcc1f3be-15b9-4b80-a737-935b4ea1d461",
            "isHook": false,
            "skipped": false
          },
          {
            "title": "The Home tab is accesable",
            "fullTitle": "revprep app scenarios - firefox The Home tab is accesable",
            "timedOut": false,
            "duration": 8589,
            "state": "passed",
            "speed": "slow",
            "pass": true,
            "fail": false,
            "pending": false,
            "code": "this.retries(trys)\n// dismissModals()\npage.clickElement('#navbar > ul > li:nth-child(2) > a')\n.then(page.clickElement('#navbar > ul > li:nth-child(1) > a'))\nvar verificationText = page.getInnerHTML('body > ui-view > app > div > div > div.view-container > div > ui-view > home > div > div.row.home__header > div.col-xs-7.col-sm-8 > h1');\nverificationText.txt.should.eventually.equal('Hello Justicetest!');",
            "err": {},
            "isRoot": false,
            "uuid": "0d717d66-743a-48cd-b659-118b188bc72d",
            "isHook": false,
            "skipped": false
          },
          {
            "title": "The Exams tab is accesable",
            "fullTitle": "revprep app scenarios - firefox The Exams tab is accesable",
            "timedOut": false,
            "duration": 8089,
            "state": "passed",
            "speed": "slow",
            "pass": true,
            "fail": false,
            "pending": false,
            "code": "this.retries(trys)\n// dismissModals()\npage.clickElement('#navbar > ul > li:nth-child(4) > a');\nvar verificationText = page.getInnerHTML('body > ui-view > app > div > div > div.view-container > div > ui-view > div.row.ng-scope > div.col-sm-4 > h1');\nverificationText.txt.should.eventually.equal('Exams');",
            "err": {},
            "isRoot": false,
            "uuid": "827a894a-32f2-401d-b3ef-024658aac904",
            "isHook": false,
            "skipped": false
          },
          {
            "title": "The Notification modal appeared",
            "fullTitle": "revprep app scenarios - firefox The Notification modal appeared",
            "timedOut": false,
            "duration": 7029,
            "state": "passed",
            "speed": "slow",
            "pass": true,
            "fail": false,
            "pending": false,
            "code": "this.retries(trys)\n// dismissModals()\npage.clickElement('#navbar > ul > li:nth-child(5) > a');\nvar verificationText = page.getInnerHTML('body > div.modal.fade.ng-scope.ng-isolate-scope.in > div > div > div.modal-header.ng-scope > h2');\nverificationText.txt.should.eventually.contain('Notifications');",
            "err": {},
            "isRoot": false,
            "uuid": "c44f29ff-d730-47ea-9dac-5b1e4cd254be",
            "isHook": false,
            "skipped": false
          },
          {
            "title": "The Edit Profile modal is accessable",
            "fullTitle": "revprep app scenarios - firefox The Edit Profile modal is accessable",
            "timedOut": false,
            "duration": 9265,
            "state": "passed",
            "speed": "slow",
            "pass": true,
            "fail": false,
            "pending": false,
            "code": "this.retries(trys)\n// dismissModals()\npage.clickElement('#simple-dropdown')\n// .then(sleep(10000))\n.then(page.clickElement('#navbar > ul > li:nth-child(6) > div > ul > li:nth-child(1) > a'))\nvar verificationText = page.getInnerHTML('body > div.modal.fade.ng-scope.ng-isolate-scope.in > div > div > edit-profile-modal > div.modal-body > form > div > div.col-sm-7 > div:nth-child(1) > label');\nverificationText.txt.should.eventually.equal('Name:');",
            "err": {},
            "isRoot": false,
            "uuid": "8cc6f34e-f934-4ca4-8c65-863d8118877f",
            "isHook": false,
            "skipped": false
          },
          {
            "title": "The Add study area modal is accessable via the Schedule screen",
            "fullTitle": "revprep app scenarios - firefox The Add study area modal is accessable via the Schedule screen",
            "timedOut": false,
            "duration": 8828,
            "state": "passed",
            "speed": "slow",
            "pass": true,
            "fail": false,
            "pending": false,
            "code": "this.retries(trys)\n// dismissModals()\npage.clickElement('#navbar > ul > li:nth-child(3) > a')\n.then(page.clickElement('#student-schedule > student-schedule > div > div.col-sm-3.clearfix > study-areas > div > div:nth-child(3) > div.view-mode > a'))\n.then(page.clickElement('#student-schedule > student-schedule > div > div.col-sm-3.clearfix > study-areas > div > div:nth-child(3) > div.edit-mode > a.btn.btn-primary'))\nvar verificationText = page.getInnerHTML('body > div.modal.fade.ng-scope.ng-isolate-scope.in > div > div > div:nth-child(3) > div.modal-body > form > div > div:nth-child(1) > label');\nverificationText.txt.should.eventually.equal('Subject:<span class=\"required\"></span>');",
            "err": {},
            "isRoot": false,
            "uuid": "7f925bc1-64a5-411d-9c00-e223116359a5",
            "isHook": false,
            "skipped": false
          },
          {
            "title": "The Subjects modal is accessable via the Homework Help screen",
            "fullTitle": "revprep app scenarios - firefox The Subjects modal is accessable via the Homework Help screen",
            "timedOut": false,
            "duration": 10135,
            "state": "passed",
            "speed": "slow",
            "pass": true,
            "fail": false,
            "pending": false,
            "code": "this.retries(trys)\n// dismissModals()\npage.clickElement('#navbar > ul > li:nth-child(2) > a')\n.then(page.clickElement('body > ui-view > app > div > div > div.view-container > div > ui-view > homework-help > div > div.col-md-7 > div.homework-help__body > h2 > a > i'))\nvar verificationText = page.getInnerHTML('body > div.modal.fade.ng-scope.ng-isolate-scope.in > div > div > study-area-edit-modal > div > div.study-area-edit-modal__header > p');\nverificationText.txt.should.eventually.equal('\\n      Which classes are you currently taking in school?\\n      This will help us customize your Revolution experience.\\n    ');",
            "err": {},
            "isRoot": false,
            "uuid": "8a0a8358-50f0-4c63-b3c8-7ae23373abc7",
            "isHook": false,
            "skipped": false
          },
          {
            "title": "Student can logout",
            "fullTitle": "revprep app scenarios - firefox Student can logout",
            "timedOut": false,
            "duration": 8346,
            "state": "passed",
            "speed": "slow",
            "pass": true,
            "fail": false,
            "pending": false,
            "code": "this.retries(trys)\n// dismissModals()\npage.clickElement('#simple-dropdown')\n.then(page.clickElement('#navbar > ul > li:nth-child(6) > div > ul > li:nth-child(2) > a'))\nvar verificationText = page.getInnerHTML('body > ui-view > div > div:nth-child(1) > div:nth-child(2) > div > form > div:nth-child(1) > label');\nverificationText.txt.should.eventually.equal('Username');",
            "err": {},
            "isRoot": false,
            "uuid": "7a11ca93-ae81-47f1-b86b-45ea5b48e85e",
            "isHook": false,
            "skipped": false
          }
        ],
        "suites": [],
        "passes": [
          "ae44a309-01b6-48d7-85d5-eee4b2523e4a",
          "dcc1f3be-15b9-4b80-a737-935b4ea1d461",
          "0d717d66-743a-48cd-b659-118b188bc72d",
          "827a894a-32f2-401d-b3ef-024658aac904",
          "c44f29ff-d730-47ea-9dac-5b1e4cd254be",
          "8cc6f34e-f934-4ca4-8c65-863d8118877f",
          "7f925bc1-64a5-411d-9c00-e223116359a5",
          "8a0a8358-50f0-4c63-b3c8-7ae23373abc7",
          "7a11ca93-ae81-47f1-b86b-45ea5b48e85e"
        ],
        "failures": [],
        "pending": [],
        "skipped": [],
        "duration": 77656,
        "root": false,
        "rootEmpty": false,
        "_timeout": 30000
      },
      {
        "uuid": "dafee954-8f3b-439d-8ccf-20ae5ec49815",
        "title": "revprep app scenarios - chrome",
        "fullFile": "E:\\Tester\\ntest\\student.js",
        "file": "\\ntest\\student.js",
        "beforeHooks": [
          {
            "title": "\"before each\" hook",
            "fullTitle": "revprep app scenarios - chrome \"before each\" hook",
            "timedOut": false,
            "duration": 1,
            "pass": false,
            "fail": false,
            "pending": false,
            "code": "page = new Page(browser);\npage.driver.manage().window().setPosition(0, 0);\npage.visit('https://enroll.revolutionprep.com/login');\npage.loginAdmin('justicetestsommertest','revprep');",
            "err": {},
            "isRoot": false,
            "uuid": "c46f1f8d-164f-49e0-ab7b-06dc68cf83e7",
            "isHook": true,
            "skipped": false
          }
        ],
        "afterHooks": [
          {
            "title": "\"after each\" hook",
            "fullTitle": "revprep app scenarios - chrome \"after each\" hook",
            "timedOut": false,
            "duration": 1,
            "pass": false,
            "fail": false,
            "pending": false,
            "code": "if(Dev){\n  return\n}\npage.quit();",
            "err": {},
            "isRoot": false,
            "uuid": "002515e0-ee55-4554-9851-ea29af71c977",
            "isHook": true,
            "skipped": false
          }
        ],
        "tests": [
          {
            "title": "The Homework Help tab is accesable",
            "fullTitle": "revprep app scenarios - chrome The Homework Help tab is accesable",
            "timedOut": false,
            "duration": 8612,
            "state": "passed",
            "speed": "slow",
            "pass": true,
            "fail": false,
            "pending": false,
            "code": "this.retries(trys)\n// dismissModals()\npage.clickElement('#navbar > ul > li:nth-child(2) > a');\nvar verificationText = page.getInnerHTML('body > ui-view > app > div.animated.fadeIn > div > div.view-container > div > ui-view > homework-help > div > div.col-md-7 > div.homework-help__header.m-t-md > h1');\nverificationText.txt.should.eventually.equal('\\n            <strong>HOMEWORK</strong> HELP\\n          ');",
            "err": {},
            "isRoot": false,
            "uuid": "352f084c-1c1b-427d-9220-0678cdcf6387",
            "isHook": false,
            "skipped": false
          },
          {
            "title": "The Schedule tab is accesable",
            "fullTitle": "revprep app scenarios - chrome The Schedule tab is accesable",
            "timedOut": false,
            "duration": 7547,
            "state": "passed",
            "speed": "slow",
            "pass": true,
            "fail": false,
            "pending": false,
            "code": "this.retries(trys)\n// dismissModals()\npage.clickElement('#navbar > ul > li:nth-child(3) > a');\nvar verificationText = page.getInnerHTML('#student-schedule > div > div.col-xs-5.col-sm-6 > h1');\nverificationText.txt.should.eventually.equal('Schedule');",
            "err": {},
            "isRoot": false,
            "uuid": "cee8be4a-9cc3-4338-a943-762d514b74da",
            "isHook": false,
            "skipped": false
          },
          {
            "title": "The Home tab is accesable",
            "fullTitle": "revprep app scenarios - chrome The Home tab is accesable",
            "timedOut": false,
            "duration": 8890,
            "state": "passed",
            "speed": "slow",
            "pass": true,
            "fail": false,
            "pending": false,
            "code": "this.retries(trys)\n// dismissModals()\npage.clickElement('#navbar > ul > li:nth-child(2) > a')\n.then(page.clickElement('#navbar > ul > li:nth-child(1) > a'))\nvar verificationText = page.getInnerHTML('body > ui-view > app > div > div > div.view-container > div > ui-view > home > div > div.row.home__header > div.col-xs-7.col-sm-8 > h1');\nverificationText.txt.should.eventually.equal('Hello Justicetest!');",
            "err": {},
            "isRoot": false,
            "uuid": "7927aa01-0c04-4396-b95f-01712635dec0",
            "isHook": false,
            "skipped": false
          },
          {
            "title": "The Exams tab is accesable",
            "fullTitle": "revprep app scenarios - chrome The Exams tab is accesable",
            "timedOut": false,
            "duration": 7261,
            "state": "passed",
            "speed": "slow",
            "pass": true,
            "fail": false,
            "pending": false,
            "code": "this.retries(trys)\n// dismissModals()\npage.clickElement('#navbar > ul > li:nth-child(4) > a');\nvar verificationText = page.getInnerHTML('body > ui-view > app > div > div > div.view-container > div > ui-view > div.row.ng-scope > div.col-sm-4 > h1');\nverificationText.txt.should.eventually.equal('Exams');",
            "err": {},
            "isRoot": false,
            "uuid": "082ed318-c6b8-4372-9c0a-08a5914d979d",
            "isHook": false,
            "skipped": false
          },
          {
            "title": "The Notification modal appeared",
            "fullTitle": "revprep app scenarios - chrome The Notification modal appeared",
            "timedOut": false,
            "duration": 6989,
            "state": "passed",
            "speed": "slow",
            "pass": true,
            "fail": false,
            "pending": false,
            "code": "this.retries(trys)\n// dismissModals()\npage.clickElement('#navbar > ul > li:nth-child(5) > a');\nvar verificationText = page.getInnerHTML('body > div.modal.fade.ng-scope.ng-isolate-scope.in > div > div > div.modal-header.ng-scope > h2');\nverificationText.txt.should.eventually.contain('Notifications');",
            "err": {},
            "isRoot": false,
            "uuid": "2ca31778-cfbc-4845-ba00-2dfed290b47f",
            "isHook": false,
            "skipped": false
          },
          {
            "title": "The Edit Profile modal is accessable",
            "fullTitle": "revprep app scenarios - chrome The Edit Profile modal is accessable",
            "timedOut": false,
            "duration": 9085,
            "state": "passed",
            "speed": "slow",
            "pass": true,
            "fail": false,
            "pending": false,
            "code": "this.retries(trys)\n// dismissModals()\npage.clickElement('#simple-dropdown')\n// .then(sleep(10000))\n.then(page.clickElement('#navbar > ul > li:nth-child(6) > div > ul > li:nth-child(1) > a'))\nvar verificationText = page.getInnerHTML('body > div.modal.fade.ng-scope.ng-isolate-scope.in > div > div > edit-profile-modal > div.modal-body > form > div > div.col-sm-7 > div:nth-child(1) > label');\nverificationText.txt.should.eventually.equal('Name:');",
            "err": {},
            "isRoot": false,
            "uuid": "d00ef9cb-41d6-4e4f-86b8-a9ecfe2dda25",
            "isHook": false,
            "skipped": false
          },
          {
            "title": "The Add study area modal is accessable via the Schedule screen",
            "fullTitle": "revprep app scenarios - chrome The Add study area modal is accessable via the Schedule screen",
            "timedOut": false,
            "duration": 9774,
            "state": "passed",
            "speed": "slow",
            "pass": true,
            "fail": false,
            "pending": false,
            "code": "this.retries(trys)\n// dismissModals()\npage.clickElement('#navbar > ul > li:nth-child(3) > a')\n.then(page.clickElement('#student-schedule > student-schedule > div > div.col-sm-3.clearfix > study-areas > div > div:nth-child(3) > div.view-mode > a'))\n.then(page.clickElement('#student-schedule > student-schedule > div > div.col-sm-3.clearfix > study-areas > div > div:nth-child(3) > div.edit-mode > a.btn.btn-primary'))\nvar verificationText = page.getInnerHTML('body > div.modal.fade.ng-scope.ng-isolate-scope.in > div > div > div:nth-child(3) > div.modal-body > form > div > div:nth-child(1) > label');\nverificationText.txt.should.eventually.equal('Subject:<span class=\"required\"></span>');",
            "err": {},
            "isRoot": false,
            "uuid": "15f910c2-b453-47db-aed6-d7ec57972d0e",
            "isHook": false,
            "skipped": false
          },
          {
            "title": "The Subjects modal is accessable via the Homework Help screen",
            "fullTitle": "revprep app scenarios - chrome The Subjects modal is accessable via the Homework Help screen",
            "timedOut": false,
            "duration": 8341,
            "state": "passed",
            "speed": "slow",
            "pass": true,
            "fail": false,
            "pending": false,
            "code": "this.retries(trys)\n// dismissModals()\npage.clickElement('#navbar > ul > li:nth-child(2) > a')\n.then(page.clickElement('body > ui-view > app > div > div > div.view-container > div > ui-view > homework-help > div > div.col-md-7 > div.homework-help__body > h2 > a > i'))\nvar verificationText = page.getInnerHTML('body > div.modal.fade.ng-scope.ng-isolate-scope.in > div > div > study-area-edit-modal > div > div.study-area-edit-modal__header > p');\nverificationText.txt.should.eventually.equal('\\n      Which classes are you currently taking in school?\\n      This will help us customize your Revolution experience.\\n    ');",
            "err": {},
            "isRoot": false,
            "uuid": "9efaf0bc-eafd-4fc3-9969-36c052d6be3a",
            "isHook": false,
            "skipped": false
          },
          {
            "title": "Student can logout",
            "fullTitle": "revprep app scenarios - chrome Student can logout",
            "timedOut": false,
            "duration": 8024,
            "state": "passed",
            "speed": "slow",
            "pass": true,
            "fail": false,
            "pending": false,
            "code": "this.retries(trys)\n// dismissModals()\npage.clickElement('#simple-dropdown')\n.then(page.clickElement('#navbar > ul > li:nth-child(6) > div > ul > li:nth-child(2) > a'))\nvar verificationText = page.getInnerHTML('body > ui-view > div > div:nth-child(1) > div:nth-child(2) > div > form > div:nth-child(1) > label');\nverificationText.txt.should.eventually.equal('Username');",
            "err": {},
            "isRoot": false,
            "uuid": "1db4c439-3e38-4f9b-8d7a-c6acf283a0c2",
            "isHook": false,
            "skipped": false
          }
        ],
        "suites": [],
        "passes": [
          "352f084c-1c1b-427d-9220-0678cdcf6387",
          "cee8be4a-9cc3-4338-a943-762d514b74da",
          "7927aa01-0c04-4396-b95f-01712635dec0",
          "082ed318-c6b8-4372-9c0a-08a5914d979d",
          "2ca31778-cfbc-4845-ba00-2dfed290b47f",
          "d00ef9cb-41d6-4e4f-86b8-a9ecfe2dda25",
          "15f910c2-b453-47db-aed6-d7ec57972d0e",
          "9efaf0bc-eafd-4fc3-9969-36c052d6be3a",
          "1db4c439-3e38-4f9b-8d7a-c6acf283a0c2"
        ],
        "failures": [],
        "pending": [],
        "skipped": [],
        "duration": 74523,
        "root": false,
        "rootEmpty": false,
        "_timeout": 30000
      }
    ],
    "passes": [],
    "failures": [],
    "pending": [],
    "skipped": [],
    "duration": 0,
    "root": true,
    "rootEmpty": true,
    "_timeout": 2000
  },
  "copyrightYear": 2018
}